{"meta": {"format": 3, "version": "7.10.0", "timestamp": "2025-07-27T13:51:19.402490", "branch_coverage": false, "show_contexts": false}, "files": {"src/__init__.py": {"executed_lines": [2, 3], "summary": {"covered_lines": 2, "num_statements": 2, "percent_covered": 100.0, "percent_covered_display": "100", "missing_lines": 0, "excluded_lines": 0}, "missing_lines": [], "excluded_lines": [], "functions": {"": {"executed_lines": [2, 3], "summary": {"covered_lines": 2, "num_statements": 2, "percent_covered": 100.0, "percent_covered_display": "100", "missing_lines": 0, "excluded_lines": 0}, "missing_lines": [], "excluded_lines": []}}, "classes": {"": {"executed_lines": [2, 3], "summary": {"covered_lines": 2, "num_statements": 2, "percent_covered": 100.0, "percent_covered_display": "100", "missing_lines": 0, "excluded_lines": 0}, "missing_lines": [], "excluded_lines": []}}}, "src/config/logging_config.py": {"executed_lines": [1, 4, 5, 6, 7, 8, 10, 11, 15, 18, 19, 20, 21, 23, 24, 25, 27, 28, 31, 32, 33, 34, 35, 36, 37, 38, 40, 41, 42, 43, 44, 47, 49, 51, 52, 55, 56, 57, 60, 61, 62, 64, 66], "summary": {"covered_lines": 42, "num_statements": 43, "percent_covered": 97.67441860465117, "percent_covered_display": "98", "missing_lines": 1, "excluded_lines": 0}, "missing_lines": [12], "excluded_lines": [], "functions": {"PathSanitizerFormatter.sanitize": {"executed_lines": [33, 34, 35, 36, 37, 38], "summary": {"covered_lines": 6, "num_statements": 6, "percent_covered": 100.0, "percent_covered_display": "100", "missing_lines": 0, "excluded_lines": 0}, "missing_lines": [], "excluded_lines": []}, "PathSanitizerFormatter.format": {"executed_lines": [41, 42, 43, 44], "summary": {"covered_lines": 4, "num_statements": 4, "percent_covered": 100.0, "percent_covered_display": "100", "missing_lines": 0, "excluded_lines": 0}, "missing_lines": [], "excluded_lines": []}, "configure_logging": {"executed_lines": [49, 51, 52, 55, 56, 57, 60, 61, 62, 64, 66], "summary": {"covered_lines": 11, "num_statements": 11, "percent_covered": 100.0, "percent_covered_display": "100", "missing_lines": 0, "excluded_lines": 0}, "missing_lines": [], "excluded_lines": []}, "": {"executed_lines": [1, 4, 5, 6, 7, 8, 10, 11, 15, 18, 19, 20, 21, 23, 24, 25, 27, 28, 31, 32, 40, 47], "summary": {"covered_lines": 21, "num_statements": 22, "percent_covered": 95.45454545454545, "percent_covered_display": "95", "missing_lines": 1, "excluded_lines": 0}, "missing_lines": [12], "excluded_lines": []}}, "classes": {"PathSanitizerFormatter": {"executed_lines": [33, 34, 35, 36, 37, 38, 41, 42, 43, 44], "summary": {"covered_lines": 10, "num_statements": 10, "percent_covered": 100.0, "percent_covered_display": "100", "missing_lines": 0, "excluded_lines": 0}, "missing_lines": [], "excluded_lines": []}, "": {"executed_lines": [1, 4, 5, 6, 7, 8, 10, 11, 15, 18, 19, 20, 21, 23, 24, 25, 27, 28, 31, 32, 40, 47, 49, 51, 52, 55, 56, 57, 60, 61, 62, 64, 66], "summary": {"covered_lines": 32, "num_statements": 33, "percent_covered": 96.96969696969697, "percent_covered_display": "97", "missing_lines": 1, "excluded_lines": 0}, "missing_lines": [12], "excluded_lines": []}}}, "src/config/paths.py": {"executed_lines": [1, 3, 6, 9, 10, 11, 12, 13, 14, 15, 16, 19, 20, 21, 22, 23, 24, 27, 30, 35, 38], "summary": {"covered_lines": 20, "num_statements": 20, "percent_covered": 100.0, "percent_covered_display": "100", "missing_lines": 0, "excluded_lines": 0}, "missing_lines": [], "excluded_lines": [], "functions": {"": {"executed_lines": [1, 3, 6, 9, 10, 11, 12, 13, 14, 15, 16, 19, 20, 21, 22, 23, 24, 27, 30, 35, 38], "summary": {"covered_lines": 20, "num_statements": 20, "percent_covered": 100.0, "percent_covered_display": "100", "missing_lines": 0, "excluded_lines": 0}, "missing_lines": [], "excluded_lines": []}}, "classes": {"": {"executed_lines": [1, 3, 6, 9, 10, 11, 12, 13, 14, 15, 16, 19, 20, 21, 22, 23, 24, 27, 30, 35, 38], "summary": {"covered_lines": 20, "num_statements": 20, "percent_covered": 100.0, "percent_covered_display": "100", "missing_lines": 0, "excluded_lines": 0}, "missing_lines": [], "excluded_lines": []}}}, "src/config/test_logger.py": {"executed_lines": [1, 2, 4, 5, 8, 9, 10, 11, 12], "summary": {"covered_lines": 9, "num_statements": 10, "percent_covered": 90.0, "percent_covered_display": "90", "missing_lines": 1, "excluded_lines": 0}, "missing_lines": [6], "excluded_lines": [], "functions": {"": {"executed_lines": [1, 2, 4, 5, 8, 9, 10, 11, 12], "summary": {"covered_lines": 9, "num_statements": 10, "percent_covered": 90.0, "percent_covered_display": "90", "missing_lines": 1, "excluded_lines": 0}, "missing_lines": [6], "excluded_lines": []}}, "classes": {"": {"executed_lines": [1, 2, 4, 5, 8, 9, 10, 11, 12], "summary": {"covered_lines": 9, "num_statements": 10, "percent_covered": 90.0, "percent_covered_display": "90", "missing_lines": 1, "excluded_lines": 0}, "missing_lines": [6], "excluded_lines": []}}}, "src/data/__init__.py": {"executed_lines": [1, 3], "summary": {"covered_lines": 2, "num_statements": 2, "percent_covered": 100.0, "percent_covered_display": "100", "missing_lines": 0, "excluded_lines": 0}, "missing_lines": [], "excluded_lines": [], "functions": {"": {"executed_lines": [1, 3], "summary": {"covered_lines": 2, "num_statements": 2, "percent_covered": 100.0, "percent_covered_display": "100", "missing_lines": 0, "excluded_lines": 0}, "missing_lines": [], "excluded_lines": []}}, "classes": {"": {"executed_lines": [1, 3], "summary": {"covered_lines": 2, "num_statements": 2, "percent_covered": 100.0, "percent_covered_display": "100", "missing_lines": 0, "excluded_lines": 0}, "missing_lines": [], "excluded_lines": []}}}, "src/data/data_classes.py": {"executed_lines": [1, 8, 11, 12, 13, 15, 16, 17, 31, 32, 33, 34, 35, 36], "summary": {"covered_lines": 12, "num_statements": 12, "percent_covered": 100.0, "percent_covered_display": "100", "missing_lines": 0, "excluded_lines": 0}, "missing_lines": [], "excluded_lines": [], "functions": {"": {"executed_lines": [1, 8, 11, 12, 13, 15, 16, 17, 31, 32, 33, 34, 35, 36], "summary": {"covered_lines": 12, "num_statements": 12, "percent_covered": 100.0, "percent_covered_display": "100", "missing_lines": 0, "excluded_lines": 0}, "missing_lines": [], "excluded_lines": []}}, "classes": {"TfidfDataset": {"executed_lines": [], "summary": {"covered_lines": 0, "num_statements": 0, "percent_covered": 100.0, "percent_covered_display": "100", "missing_lines": 0, "excluded_lines": 0}, "missing_lines": [], "excluded_lines": []}, "": {"executed_lines": [1, 8, 11, 12, 13, 15, 16, 17, 31, 32, 33, 34, 35, 36], "summary": {"covered_lines": 12, "num_statements": 12, "percent_covered": 100.0, "percent_covered_display": "100", "missing_lines": 0, "excluded_lines": 0}, "missing_lines": [], "excluded_lines": []}}}, "src/data/data_loader.py": {"executed_lines": [2, 5, 8, 9, 10, 11, 12, 13, 16, 17, 21, 24, 38, 41, 44, 49, 51, 53, 64, 67, 70, 73, 74, 75, 78, 79, 80, 81, 82, 83, 84, 86, 97, 100, 102, 106, 113, 115, 129, 132, 135, 143, 145, 147, 157, 160, 161, 163, 172, 175, 176, 178, 180, 190, 193, 203, 207, 210, 213, 214, 216, 225, 228, 229, 231], "summary": {"covered_lines": 64, "num_statements": 70, "percent_covered": 91.42857142857143, "percent_covered_display": "91", "missing_lines": 6, "excluded_lines": 0}, "missing_lines": [45, 46, 101, 188, 191, 204], "excluded_lines": [], "functions": {"load_texts_from_folder": {"executed_lines": [38, 41, 44, 49, 51], "summary": {"covered_lines": 5, "num_statements": 7, "percent_covered": 71.42857142857143, "percent_covered_display": "71", "missing_lines": 2, "excluded_lines": 0}, "missing_lines": [45, 46], "excluded_lines": []}, "save_dataset_as_txt": {"executed_lines": [64, 67, 70, 73, 74, 75, 78, 79, 80, 81, 82, 83, 84], "summary": {"covered_lines": 13, "num_statements": 13, "percent_covered": 100.0, "percent_covered_display": "100", "missing_lines": 0, "excluded_lines": 0}, "missing_lines": [], "excluded_lines": []}, "save_encoded_dataset_as_sparse_matrix": {"executed_lines": [97, 100, 102, 106, 113], "summary": {"covered_lines": 5, "num_statements": 6, "percent_covered": 83.33333333333333, "percent_covered_display": "83", "missing_lines": 1, "excluded_lines": 0}, "missing_lines": [101], "excluded_lines": []}, "load_encoded_dataset_joblib": {"executed_lines": [129, 132, 135, 143, 145], "summary": {"covered_lines": 5, "num_statements": 5, "percent_covered": 100.0, "percent_covered_display": "100", "missing_lines": 0, "excluded_lines": 0}, "missing_lines": [], "excluded_lines": []}, "save_svm_model": {"executed_lines": [157, 160, 161], "summary": {"covered_lines": 3, "num_statements": 3, "percent_covered": 100.0, "percent_covered_display": "100", "missing_lines": 0, "excluded_lines": 0}, "missing_lines": [], "excluded_lines": []}, "load_svm_model": {"executed_lines": [172, 175, 176, 178], "summary": {"covered_lines": 4, "num_statements": 4, "percent_covered": 100.0, "percent_covered_display": "100", "missing_lines": 0, "excluded_lines": 0}, "missing_lines": [], "excluded_lines": []}, "sanitize": {"executed_lines": [], "summary": {"covered_lines": 0, "num_statements": 1, "percent_covered": 0.0, "percent_covered_display": "0", "missing_lines": 1, "excluded_lines": 0}, "missing_lines": [188], "excluded_lines": []}, "param_dict_to_filename": {"executed_lines": [], "summary": {"covered_lines": 0, "num_statements": 1, "percent_covered": 0.0, "percent_covered_display": "0", "missing_lines": 1, "excluded_lines": 0}, "missing_lines": [191], "excluded_lines": []}, "save_encoder": {"executed_lines": [203, 207, 210, 213, 214], "summary": {"covered_lines": 5, "num_statements": 6, "percent_covered": 83.33333333333333, "percent_covered_display": "83", "missing_lines": 1, "excluded_lines": 0}, "missing_lines": [204], "excluded_lines": []}, "load_encoder": {"executed_lines": [225, 228, 229, 231], "summary": {"covered_lines": 4, "num_statements": 4, "percent_covered": 100.0, "percent_covered_display": "100", "missing_lines": 0, "excluded_lines": 0}, "missing_lines": [], "excluded_lines": []}, "": {"executed_lines": [2, 5, 8, 9, 10, 11, 12, 13, 16, 17, 21, 24, 53, 86, 115, 147, 163, 180, 190, 193, 216], "summary": {"covered_lines": 20, "num_statements": 20, "percent_covered": 100.0, "percent_covered_display": "100", "missing_lines": 0, "excluded_lines": 0}, "missing_lines": [], "excluded_lines": []}}, "classes": {"": {"executed_lines": [2, 5, 8, 9, 10, 11, 12, 13, 16, 17, 21, 24, 38, 41, 44, 49, 51, 53, 64, 67, 70, 73, 74, 75, 78, 79, 80, 81, 82, 83, 84, 86, 97, 100, 102, 106, 113, 115, 129, 132, 135, 143, 145, 147, 157, 160, 161, 163, 172, 175, 176, 178, 180, 190, 193, 203, 207, 210, 213, 214, 216, 225, 228, 229, 231], "summary": {"covered_lines": 64, "num_statements": 70, "percent_covered": 91.42857142857143, "percent_covered_display": "91", "missing_lines": 6, "excluded_lines": 0}, "missing_lines": [45, 46, 101, 188, 191, 204], "excluded_lines": []}}}, "src/data/download_data.py": {"executed_lines": [1, 4, 5, 6, 9, 12, 13, 14, 17, 18, 21, 24], "summary": {"covered_lines": 11, "num_statements": 41, "percent_covered": 26.829268292682926, "percent_covered_display": "27", "missing_lines": 30, "excluded_lines": 0}, "missing_lines": [34, 36, 37, 38, 39, 40, 41, 45, 46, 47, 49, 50, 53, 56, 57, 58, 59, 62, 63, 64, 65, 66, 67, 68, 69, 72, 73, 74, 77, 78], "excluded_lines": [], "functions": {"download_imdb_dataset": {"executed_lines": [], "summary": {"covered_lines": 0, "num_statements": 23, "percent_covered": 0.0, "percent_covered_display": "0", "missing_lines": 23, "excluded_lines": 0}, "missing_lines": [34, 36, 37, 38, 39, 40, 41, 45, 46, 47, 49, 50, 53, 56, 57, 58, 59, 62, 72, 73, 74, 77, 78], "excluded_lines": []}, "download_imdb_dataset.save_split": {"executed_lines": [], "summary": {"covered_lines": 0, "num_statements": 7, "percent_covered": 0.0, "percent_covered_display": "0", "missing_lines": 7, "excluded_lines": 0}, "missing_lines": [63, 64, 65, 66, 67, 68, 69], "excluded_lines": []}, "": {"executed_lines": [1, 4, 5, 6, 9, 12, 13, 14, 17, 18, 21, 24], "summary": {"covered_lines": 11, "num_statements": 11, "percent_covered": 100.0, "percent_covered_display": "100", "missing_lines": 0, "excluded_lines": 0}, "missing_lines": [], "excluded_lines": []}}, "classes": {"": {"executed_lines": [1, 4, 5, 6, 9, 12, 13, 14, 17, 18, 21, 24], "summary": {"covered_lines": 11, "num_statements": 41, "percent_covered": 26.829268292682926, "percent_covered_display": "27", "missing_lines": 30, "excluded_lines": 0}, "missing_lines": [34, 36, 37, 38, 39, 40, 41, 45, 46, 47, 49, 50, 53, 56, 57, 58, 59, 62, 63, 64, 65, 66, 67, 68, 69, 72, 73, 74, 77, 78], "excluded_lines": []}}}, "src/preprocessing/__init__.py": {"executed_lines": [1, 2], "summary": {"covered_lines": 2, "num_statements": 2, "percent_covered": 100.0, "percent_covered_display": "100", "missing_lines": 0, "excluded_lines": 0}, "missing_lines": [], "excluded_lines": [], "functions": {"": {"executed_lines": [1, 2], "summary": {"covered_lines": 2, "num_statements": 2, "percent_covered": 100.0, "percent_covered_display": "100", "missing_lines": 0, "excluded_lines": 0}, "missing_lines": [], "excluded_lines": []}}, "classes": {"": {"executed_lines": [1, 2], "summary": {"covered_lines": 2, "num_statements": 2, "percent_covered": 100.0, "percent_covered_display": "100", "missing_lines": 0, "excluded_lines": 0}, "missing_lines": [], "excluded_lines": []}}}, "src/preprocessing/clean_text.py": {"executed_lines": [1, 11, 12, 15, 18, 22, 32, 34, 36, 37, 39, 49, 51, 53, 54, 56, 65, 67, 69, 70, 72, 82, 84, 86, 87, 89, 99, 101, 103, 104, 106, 116, 118, 120, 121, 123, 133, 135, 137, 138, 140, 150, 152, 153, 155, 156, 158, 168, 170, 172, 173, 179, 190, 194, 197, 200, 203, 206, 207, 208, 211, 212, 215, 217, 218], "summary": {"covered_lines": 64, "num_statements": 64, "percent_covered": 100.0, "percent_covered_display": "100", "missing_lines": 0, "excluded_lines": 0}, "missing_lines": [], "excluded_lines": [], "functions": {"lower_case": {"executed_lines": [32, 34, 36, 37], "summary": {"covered_lines": 4, "num_statements": 4, "percent_covered": 100.0, "percent_covered_display": "100", "missing_lines": 0, "excluded_lines": 0}, "missing_lines": [], "excluded_lines": []}, "strip_whitespace": {"executed_lines": [49, 51, 53, 54], "summary": {"covered_lines": 4, "num_statements": 4, "percent_covered": 100.0, "percent_covered_display": "100", "missing_lines": 0, "excluded_lines": 0}, "missing_lines": [], "excluded_lines": []}, "remove_non_alphanumeric_some": {"executed_lines": [65, 67, 69, 70], "summary": {"covered_lines": 4, "num_statements": 4, "percent_covered": 100.0, "percent_covered_display": "100", "missing_lines": 0, "excluded_lines": 0}, "missing_lines": [], "excluded_lines": []}, "replace_wrong_quotation_marks": {"executed_lines": [82, 84, 86, 87], "summary": {"covered_lines": 4, "num_statements": 4, "percent_covered": 100.0, "percent_covered_display": "100", "missing_lines": 0, "excluded_lines": 0}, "missing_lines": [], "excluded_lines": []}, "remove_non_alphanumeric_all": {"executed_lines": [99, 101, 103, 104], "summary": {"covered_lines": 4, "num_statements": 4, "percent_covered": 100.0, "percent_covered_display": "100", "missing_lines": 0, "excluded_lines": 0}, "missing_lines": [], "excluded_lines": []}, "remove_multiple_punctuation": {"executed_lines": [116, 118, 120, 121], "summary": {"covered_lines": 4, "num_statements": 4, "percent_covered": 100.0, "percent_covered_display": "100", "missing_lines": 0, "excluded_lines": 0}, "missing_lines": [], "excluded_lines": []}, "remove_numeric_and_punctuation": {"executed_lines": [133, 135, 137, 138], "summary": {"covered_lines": 4, "num_statements": 4, "percent_covered": 100.0, "percent_covered_display": "100", "missing_lines": 0, "excluded_lines": 0}, "missing_lines": [], "excluded_lines": []}, "remove_urls": {"executed_lines": [150, 152, 153, 155, 156], "summary": {"covered_lines": 5, "num_statements": 5, "percent_covered": 100.0, "percent_covered_display": "100", "missing_lines": 0, "excluded_lines": 0}, "missing_lines": [], "excluded_lines": []}, "remove_html_tags": {"executed_lines": [168, 170, 172, 173], "summary": {"covered_lines": 4, "num_statements": 4, "percent_covered": 100.0, "percent_covered_display": "100", "missing_lines": 0, "excluded_lines": 0}, "missing_lines": [], "excluded_lines": []}, "regex_cleaning_pipeline": {"executed_lines": [190, 194, 197, 200, 203, 206, 207, 208, 211, 212, 215, 217, 218], "summary": {"covered_lines": 13, "num_statements": 13, "percent_covered": 100.0, "percent_covered_display": "100", "missing_lines": 0, "excluded_lines": 0}, "missing_lines": [], "excluded_lines": []}, "": {"executed_lines": [1, 11, 12, 15, 18, 22, 39, 56, 72, 89, 106, 123, 140, 158, 179], "summary": {"covered_lines": 14, "num_statements": 14, "percent_covered": 100.0, "percent_covered_display": "100", "missing_lines": 0, "excluded_lines": 0}, "missing_lines": [], "excluded_lines": []}}, "classes": {"": {"executed_lines": [1, 11, 12, 15, 18, 22, 32, 34, 36, 37, 39, 49, 51, 53, 54, 56, 65, 67, 69, 70, 72, 82, 84, 86, 87, 89, 99, 101, 103, 104, 106, 116, 118, 120, 121, 123, 133, 135, 137, 138, 140, 150, 152, 153, 155, 156, 158, 168, 170, 172, 173, 179, 190, 194, 197, 200, 203, 206, 207, 208, 211, 212, 215, 217, 218], "summary": {"covered_lines": 64, "num_statements": 64, "percent_covered": 100.0, "percent_covered_display": "100", "missing_lines": 0, "excluded_lines": 0}, "missing_lines": [], "excluded_lines": []}}}, "src/preprocessing/filters.py": {"executed_lines": [1, 4, 7, 10, 12, 22, 25, 75, 76, 78, 79, 81, 91, 94, 189, 190, 192, 193, 196, 206, 209, 212, 214, 215], "summary": {"covered_lines": 23, "num_statements": 23, "percent_covered": 100.0, "percent_covered_display": "100", "missing_lines": 0, "excluded_lines": 0}, "missing_lines": [], "excluded_lines": [], "functions": {"expand_contractions": {"executed_lines": [22, 25, 75, 76, 78, 79], "summary": {"covered_lines": 6, "num_statements": 6, "percent_covered": 100.0, "percent_covered_display": "100", "missing_lines": 0, "excluded_lines": 0}, "missing_lines": [], "excluded_lines": []}, "slang_handling": {"executed_lines": [91, 94, 189, 190, 192, 193], "summary": {"covered_lines": 6, "num_statements": 6, "percent_covered": 100.0, "percent_covered_display": "100", "missing_lines": 0, "excluded_lines": 0}, "missing_lines": [], "excluded_lines": []}, "filtering_pipeline": {"executed_lines": [206, 209, 212, 214, 215], "summary": {"covered_lines": 5, "num_statements": 5, "percent_covered": 100.0, "percent_covered_display": "100", "missing_lines": 0, "excluded_lines": 0}, "missing_lines": [], "excluded_lines": []}, "": {"executed_lines": [1, 4, 7, 10, 12, 81, 196], "summary": {"covered_lines": 6, "num_statements": 6, "percent_covered": 100.0, "percent_covered_display": "100", "missing_lines": 0, "excluded_lines": 0}, "missing_lines": [], "excluded_lines": []}}, "classes": {"": {"executed_lines": [1, 4, 7, 10, 12, 22, 25, 75, 76, 78, 79, 81, 91, 94, 189, 190, 192, 193, 196, 206, 209, 212, 214, 215], "summary": {"covered_lines": 23, "num_statements": 23, "percent_covered": 100.0, "percent_covered_display": "100", "missing_lines": 0, "excluded_lines": 0}, "missing_lines": [], "excluded_lines": []}}}, "src/preprocessing/lemmatization.py": {"executed_lines": [1, 4, 7, 10, 16, 19, 20, 23, 25, 35, 38, 39, 41, 42], "summary": {"covered_lines": 13, "num_statements": 14, "percent_covered": 92.85714285714286, "percent_covered_display": "93", "missing_lines": 1, "excluded_lines": 0}, "missing_lines": [17], "excluded_lines": [], "functions": {"lemmatize_text": {"executed_lines": [35, 38, 39, 41, 42], "summary": {"covered_lines": 5, "num_statements": 5, "percent_covered": 100.0, "percent_covered_display": "100", "missing_lines": 0, "excluded_lines": 0}, "missing_lines": [], "excluded_lines": []}, "": {"executed_lines": [1, 4, 7, 10, 16, 19, 20, 23, 25], "summary": {"covered_lines": 8, "num_statements": 9, "percent_covered": 88.88888888888889, "percent_covered_display": "89", "missing_lines": 1, "excluded_lines": 0}, "missing_lines": [17], "excluded_lines": []}}, "classes": {"": {"executed_lines": [1, 4, 7, 10, 16, 19, 20, 23, 25, 35, 38, 39, 41, 42], "summary": {"covered_lines": 13, "num_statements": 14, "percent_covered": 92.85714285714286, "percent_covered_display": "93", "missing_lines": 1, "excluded_lines": 0}, "missing_lines": [17], "excluded_lines": []}}}, "src/preprocessing/preprocessing_pipeline.py": {"executed_lines": [1, 7, 8, 11, 12, 13, 14, 18, 25, 34, 36, 38, 41, 44, 46, 49, 59, 60, 62, 63], "summary": {"covered_lines": 19, "num_statements": 22, "percent_covered": 86.36363636363636, "percent_covered_display": "86", "missing_lines": 3, "excluded_lines": 0}, "missing_lines": [50, 52, 54], "excluded_lines": [], "functions": {"preprocessing_pipeline": {"executed_lines": [34, 36, 49, 59, 60, 62, 63], "summary": {"covered_lines": 7, "num_statements": 10, "percent_covered": 70.0, "percent_covered_display": "70", "missing_lines": 3, "excluded_lines": 0}, "missing_lines": [50, 52, 54], "excluded_lines": []}, "preprocessing_pipeline._pipeline": {"executed_lines": [38, 41, 44, 46], "summary": {"covered_lines": 4, "num_statements": 4, "percent_covered": 100.0, "percent_covered_display": "100", "missing_lines": 0, "excluded_lines": 0}, "missing_lines": [], "excluded_lines": []}, "": {"executed_lines": [1, 7, 8, 11, 12, 13, 14, 18, 25], "summary": {"covered_lines": 8, "num_statements": 8, "percent_covered": 100.0, "percent_covered_display": "100", "missing_lines": 0, "excluded_lines": 0}, "missing_lines": [], "excluded_lines": []}}, "classes": {"": {"executed_lines": [1, 7, 8, 11, 12, 13, 14, 18, 25, 34, 36, 38, 41, 44, 46, 49, 59, 60, 62, 63], "summary": {"covered_lines": 19, "num_statements": 22, "percent_covered": 86.36363636363636, "percent_covered_display": "86", "missing_lines": 3, "excluded_lines": 0}, "missing_lines": [50, 52, 54], "excluded_lines": []}}}, "src/svm/__init__.py": {"executed_lines": [1, 2], "summary": {"covered_lines": 2, "num_statements": 2, "percent_covered": 100.0, "percent_covered_display": "100", "missing_lines": 0, "excluded_lines": 0}, "missing_lines": [], "excluded_lines": [], "functions": {"": {"executed_lines": [1, 2], "summary": {"covered_lines": 2, "num_statements": 2, "percent_covered": 100.0, "percent_covered_display": "100", "missing_lines": 0, "excluded_lines": 0}, "missing_lines": [], "excluded_lines": []}}, "classes": {"": {"executed_lines": [1, 2], "summary": {"covered_lines": 2, "num_statements": 2, "percent_covered": 100.0, "percent_covered_display": "100", "missing_lines": 0, "excluded_lines": 0}, "missing_lines": [], "excluded_lines": []}}}, "src/svm/prediction/__init__.py": {"executed_lines": [1], "summary": {"covered_lines": 0, "num_statements": 0, "percent_covered": 100.0, "percent_covered_display": "100", "missing_lines": 0, "excluded_lines": 0}, "missing_lines": [], "excluded_lines": [], "functions": {"": {"executed_lines": [], "summary": {"covered_lines": 0, "num_statements": 0, "percent_covered": 100.0, "percent_covered_display": "100", "missing_lines": 0, "excluded_lines": 0}, "missing_lines": [], "excluded_lines": []}}, "classes": {"": {"executed_lines": [], "summary": {"covered_lines": 0, "num_statements": 0, "percent_covered": 100.0, "percent_covered_display": "100", "missing_lines": 0, "excluded_lines": 0}, "missing_lines": [], "excluded_lines": []}}}, "src/svm/prediction/prediction_pipeline.py": {"executed_lines": [], "summary": {"covered_lines": 0, "num_statements": 50, "percent_covered": 0.0, "percent_covered_display": "0", "missing_lines": 50, "excluded_lines": 0}, "missing_lines": [4, 5, 6, 9, 10, 11, 14, 17, 19, 20, 21, 22, 23, 24, 27, 28, 29, 30, 31, 32, 34, 35, 36, 37, 38, 39, 40, 41, 42, 46, 47, 48, 49, 52, 53, 56, 57, 58, 61, 62, 65, 66, 67, 68, 71, 72, 75, 76, 77, 78], "excluded_lines": [], "functions": {"a": {"executed_lines": [], "summary": {"covered_lines": 0, "num_statements": 42, "percent_covered": 0.0, "percent_covered_display": "0", "missing_lines": 42, "excluded_lines": 0}, "missing_lines": [19, 20, 21, 22, 23, 24, 27, 28, 29, 30, 31, 32, 34, 35, 36, 37, 38, 39, 40, 41, 42, 46, 47, 48, 49, 52, 53, 56, 57, 58, 61, 62, 65, 66, 67, 68, 71, 72, 75, 76, 77, 78], "excluded_lines": []}, "": {"executed_lines": [], "summary": {"covered_lines": 0, "num_statements": 8, "percent_covered": 0.0, "percent_covered_display": "0", "missing_lines": 8, "excluded_lines": 0}, "missing_lines": [4, 5, 6, 9, 10, 11, 14, 17], "excluded_lines": []}}, "classes": {"": {"executed_lines": [], "summary": {"covered_lines": 0, "num_statements": 50, "percent_covered": 0.0, "percent_covered_display": "0", "missing_lines": 50, "excluded_lines": 0}, "missing_lines": [4, 5, 6, 9, 10, 11, 14, 17, 19, 20, 21, 22, 23, 24, 27, 28, 29, 30, 31, 32, 34, 35, 36, 37, 38, 39, 40, 41, 42, 46, 47, 48, 49, 52, 53, 56, 57, 58, 61, 62, 65, 66, 67, 68, 71, 72, 75, 76, 77, 78], "excluded_lines": []}}}, "src/svm/training/__init__.py": {"executed_lines": [1, 3], "summary": {"covered_lines": 2, "num_statements": 2, "percent_covered": 100.0, "percent_covered_display": "100", "missing_lines": 0, "excluded_lines": 0}, "missing_lines": [], "excluded_lines": [], "functions": {"": {"executed_lines": [1, 3], "summary": {"covered_lines": 2, "num_statements": 2, "percent_covered": 100.0, "percent_covered_display": "100", "missing_lines": 0, "excluded_lines": 0}, "missing_lines": [], "excluded_lines": []}}, "classes": {"": {"executed_lines": [1, 3], "summary": {"covered_lines": 2, "num_statements": 2, "percent_covered": 100.0, "percent_covered_display": "100", "missing_lines": 0, "excluded_lines": 0}, "missing_lines": [], "excluded_lines": []}}}, "src/svm/training/gridsearch_trainer.py": {"executed_lines": [1, 8, 11, 12, 13, 17, 18, 19, 20, 23, 26, 27, 32], "summary": {"covered_lines": 12, "num_statements": 28, "percent_covered": 42.857142857142854, "percent_covered_display": "43", "missing_lines": 16, "excluded_lines": 0}, "missing_lines": [44, 47, 48, 51, 54, 59, 62, 63, 64, 65, 68, 71, 74, 75, 76, 78], "excluded_lines": [], "functions": {"train_svm_model": {"executed_lines": [], "summary": {"covered_lines": 0, "num_statements": 16, "percent_covered": 0.0, "percent_covered_display": "0", "missing_lines": 16, "excluded_lines": 0}, "missing_lines": [44, 47, 48, 51, 54, 59, 62, 63, 64, 65, 68, 71, 74, 75, 76, 78], "excluded_lines": []}, "": {"executed_lines": [1, 8, 11, 12, 13, 17, 18, 19, 20, 23, 26, 27, 32], "summary": {"covered_lines": 12, "num_statements": 12, "percent_covered": 100.0, "percent_covered_display": "100", "missing_lines": 0, "excluded_lines": 0}, "missing_lines": [], "excluded_lines": []}}, "classes": {"": {"executed_lines": [1, 8, 11, 12, 13, 17, 18, 19, 20, 23, 26, 27, 32], "summary": {"covered_lines": 12, "num_statements": 28, "percent_covered": 42.857142857142854, "percent_covered_display": "43", "missing_lines": 16, "excluded_lines": 0}, "missing_lines": [44, 47, 48, 51, 54, 59, 62, 63, 64, 65, 68, 71, 74, 75, 76, 78], "excluded_lines": []}}}, "src/svm/training/training_pipeline.py": {"executed_lines": [], "summary": {"covered_lines": 0, "num_statements": 113, "percent_covered": 0.0, "percent_covered_display": "0", "missing_lines": 113, "excluded_lines": 0}, "missing_lines": [4, 5, 6, 9, 10, 11, 12, 13, 16, 19, 20, 21, 22, 23, 26, 27, 28, 30, 33, 36, 38, 39, 40, 43, 44, 45, 49, 50, 53, 57, 58, 59, 62, 63, 64, 66, 68, 69, 73, 74, 77, 78, 81, 82, 83, 87, 89, 90, 91, 92, 95, 96, 99, 100, 103, 106, 107, 110, 111, 114, 117, 120, 121, 122, 125, 126, 127, 130, 133, 134, 137, 138, 141, 145, 147, 148, 151, 154, 155, 158, 159, 162, 165, 168, 171, 172, 173, 176, 179, 182, 183, 185, 186, 189, 190, 193, 196, 197, 200, 201, 204, 205, 206, 210, 211, 212, 215, 218, 222, 223, 224, 227, 228], "excluded_lines": [], "functions": {"training": {"executed_lines": [], "summary": {"covered_lines": 0, "num_statements": 92, "percent_covered": 0.0, "percent_covered_display": "0", "missing_lines": 92, "excluded_lines": 0}, "missing_lines": [36, 38, 39, 40, 43, 44, 45, 49, 50, 53, 57, 58, 59, 62, 63, 64, 66, 68, 69, 73, 74, 77, 78, 81, 82, 83, 87, 89, 90, 91, 92, 95, 96, 99, 100, 103, 106, 107, 110, 111, 114, 117, 120, 121, 122, 125, 126, 127, 130, 133, 134, 137, 138, 141, 145, 147, 148, 151, 154, 155, 158, 159, 162, 165, 168, 171, 172, 173, 176, 179, 182, 183, 185, 186, 189, 190, 193, 196, 197, 200, 201, 204, 205, 206, 210, 211, 212, 215, 218, 222, 223, 224], "excluded_lines": []}, "": {"executed_lines": [], "summary": {"covered_lines": 0, "num_statements": 21, "percent_covered": 0.0, "percent_covered_display": "0", "missing_lines": 21, "excluded_lines": 0}, "missing_lines": [4, 5, 6, 9, 10, 11, 12, 13, 16, 19, 20, 21, 22, 23, 26, 27, 28, 30, 33, 227, 228], "excluded_lines": []}}, "classes": {"": {"executed_lines": [], "summary": {"covered_lines": 0, "num_statements": 113, "percent_covered": 0.0, "percent_covered_display": "0", "missing_lines": 113, "excluded_lines": 0}, "missing_lines": [4, 5, 6, 9, 10, 11, 12, 13, 16, 19, 20, 21, 22, 23, 26, 27, 28, 30, 33, 36, 38, 39, 40, 43, 44, 45, 49, 50, 53, 57, 58, 59, 62, 63, 64, 66, 68, 69, 73, 74, 77, 78, 81, 82, 83, 87, 89, 90, 91, 92, 95, 96, 99, 100, 103, 106, 107, 110, 111, 114, 117, 120, 121, 122, 125, 126, 127, 130, 133, 134, 137, 138, 141, 145, 147, 148, 151, 154, 155, 158, 159, 162, 165, 168, 171, 172, 173, 176, 179, 182, 183, 185, 186, 189, 190, 193, 196, 197, 200, 201, 204, 205, 206, 210, 211, 212, 215, 218, 222, 223, 224, 227, 228], "excluded_lines": []}}}, "src/svm/training/vectorizer.py": {"executed_lines": [1, 4, 5, 9, 14, 74], "summary": {"covered_lines": 5, "num_statements": 24, "percent_covered": 20.833333333333332, "percent_covered_display": "21", "missing_lines": 19, "excluded_lines": 0}, "missing_lines": [36, 39, 48, 51, 52, 53, 54, 56, 57, 58, 59, 62, 70, 72, 84, 87, 88, 89, 91], "excluded_lines": [], "functions": {"tfidf_vectorizer": {"executed_lines": [], "summary": {"covered_lines": 0, "num_statements": 14, "percent_covered": 0.0, "percent_covered_display": "0", "missing_lines": 14, "excluded_lines": 0}, "missing_lines": [36, 39, 48, 51, 52, 53, 54, 56, 57, 58, 59, 62, 70, 72], "excluded_lines": []}, "encoding_pipeline": {"executed_lines": [], "summary": {"covered_lines": 0, "num_statements": 5, "percent_covered": 0.0, "percent_covered_display": "0", "missing_lines": 5, "excluded_lines": 0}, "missing_lines": [84, 87, 88, 89, 91], "excluded_lines": []}, "": {"executed_lines": [1, 4, 5, 9, 14, 74], "summary": {"covered_lines": 5, "num_statements": 5, "percent_covered": 100.0, "percent_covered_display": "100", "missing_lines": 0, "excluded_lines": 0}, "missing_lines": [], "excluded_lines": []}}, "classes": {"": {"executed_lines": [1, 4, 5, 9, 14, 74], "summary": {"covered_lines": 5, "num_statements": 24, "percent_covered": 20.833333333333332, "percent_covered_display": "21", "missing_lines": 19, "excluded_lines": 0}, "missing_lines": [36, 39, 48, 51, 52, 53, 54, 56, 57, 58, 59, 62, 70, 72, 84, 87, 88, 89, 91], "excluded_lines": []}}}}, "totals": {"covered_lines": 304, "num_statements": 544, "percent_covered": 55.88235294117647, "percent_covered_display": "56", "missing_lines": 240, "excluded_lines": 0}}