{"meta": {"format": 3, "version": "7.9.2", "timestamp": "2025-07-21T13:20:30.368266", "branch_coverage": false, "show_contexts": false}, "files": {"src/__init__.py": {"executed_lines": [2, 3], "summary": {"covered_lines": 2, "num_statements": 2, "percent_covered": 100.0, "percent_covered_display": "100", "missing_lines": 0, "excluded_lines": 0}, "missing_lines": [], "excluded_lines": [], "functions": {"": {"executed_lines": [2, 3], "summary": {"covered_lines": 2, "num_statements": 2, "percent_covered": 100.0, "percent_covered_display": "100", "missing_lines": 0, "excluded_lines": 0}, "missing_lines": [], "excluded_lines": []}}, "classes": {"": {"executed_lines": [2, 3], "summary": {"covered_lines": 2, "num_statements": 2, "percent_covered": 100.0, "percent_covered_display": "100", "missing_lines": 0, "excluded_lines": 0}, "missing_lines": [], "excluded_lines": []}}}, "src/config/logging_config.py": {"executed_lines": [1, 4, 5, 6, 7, 8, 10, 11, 15, 18, 19, 20, 21, 23, 24, 25, 27, 28, 31, 32, 33, 34, 35, 36, 37, 38, 40, 41, 42, 43, 44, 47, 49, 51, 52, 55, 56, 57, 60, 61, 62, 64, 66], "summary": {"covered_lines": 42, "num_statements": 43, "percent_covered": 97.67441860465117, "percent_covered_display": "98", "missing_lines": 1, "excluded_lines": 0}, "missing_lines": [12], "excluded_lines": [], "functions": {"PathSanitizerFormatter.sanitize": {"executed_lines": [33, 34, 35, 36, 37, 38], "summary": {"covered_lines": 6, "num_statements": 6, "percent_covered": 100.0, "percent_covered_display": "100", "missing_lines": 0, "excluded_lines": 0}, "missing_lines": [], "excluded_lines": []}, "PathSanitizerFormatter.format": {"executed_lines": [41, 42, 43, 44], "summary": {"covered_lines": 4, "num_statements": 4, "percent_covered": 100.0, "percent_covered_display": "100", "missing_lines": 0, "excluded_lines": 0}, "missing_lines": [], "excluded_lines": []}, "configure_logging": {"executed_lines": [49, 51, 52, 55, 56, 57, 60, 61, 62, 64, 66], "summary": {"covered_lines": 11, "num_statements": 11, "percent_covered": 100.0, "percent_covered_display": "100", "missing_lines": 0, "excluded_lines": 0}, "missing_lines": [], "excluded_lines": []}, "": {"executed_lines": [1, 4, 5, 6, 7, 8, 10, 11, 15, 18, 19, 20, 21, 23, 24, 25, 27, 28, 31, 32, 40, 47], "summary": {"covered_lines": 21, "num_statements": 22, "percent_covered": 95.45454545454545, "percent_covered_display": "95", "missing_lines": 1, "excluded_lines": 0}, "missing_lines": [12], "excluded_lines": []}}, "classes": {"PathSanitizerFormatter": {"executed_lines": [33, 34, 35, 36, 37, 38, 41, 42, 43, 44], "summary": {"covered_lines": 10, "num_statements": 10, "percent_covered": 100.0, "percent_covered_display": "100", "missing_lines": 0, "excluded_lines": 0}, "missing_lines": [], "excluded_lines": []}, "": {"executed_lines": [1, 4, 5, 6, 7, 8, 10, 11, 15, 18, 19, 20, 21, 23, 24, 25, 27, 28, 31, 32, 40, 47, 49, 51, 52, 55, 56, 57, 60, 61, 62, 64, 66], "summary": {"covered_lines": 32, "num_statements": 33, "percent_covered": 96.96969696969697, "percent_covered_display": "97", "missing_lines": 1, "excluded_lines": 0}, "missing_lines": [12], "excluded_lines": []}}}, "src/config/paths.py": {"executed_lines": [1, 3, 6, 9, 10, 11, 12, 13, 14, 15, 16, 19, 20, 21, 22, 23, 24, 27, 30, 35, 38], "summary": {"covered_lines": 20, "num_statements": 20, "percent_covered": 100.0, "percent_covered_display": "100", "missing_lines": 0, "excluded_lines": 0}, "missing_lines": [], "excluded_lines": [], "functions": {"": {"executed_lines": [1, 3, 6, 9, 10, 11, 12, 13, 14, 15, 16, 19, 20, 21, 22, 23, 24, 27, 30, 35, 38], "summary": {"covered_lines": 20, "num_statements": 20, "percent_covered": 100.0, "percent_covered_display": "100", "missing_lines": 0, "excluded_lines": 0}, "missing_lines": [], "excluded_lines": []}}, "classes": {"": {"executed_lines": [1, 3, 6, 9, 10, 11, 12, 13, 14, 15, 16, 19, 20, 21, 22, 23, 24, 27, 30, 35, 38], "summary": {"covered_lines": 20, "num_statements": 20, "percent_covered": 100.0, "percent_covered_display": "100", "missing_lines": 0, "excluded_lines": 0}, "missing_lines": [], "excluded_lines": []}}}, "src/config/test_logger.py": {"executed_lines": [1, 2, 4, 5, 8, 9, 10, 11, 12], "summary": {"covered_lines": 9, "num_statements": 10, "percent_covered": 90.0, "percent_covered_display": "90", "missing_lines": 1, "excluded_lines": 0}, "missing_lines": [6], "excluded_lines": [], "functions": {"": {"executed_lines": [1, 2, 4, 5, 8, 9, 10, 11, 12], "summary": {"covered_lines": 9, "num_statements": 10, "percent_covered": 90.0, "percent_covered_display": "90", "missing_lines": 1, "excluded_lines": 0}, "missing_lines": [6], "excluded_lines": []}}, "classes": {"": {"executed_lines": [1, 2, 4, 5, 8, 9, 10, 11, 12], "summary": {"covered_lines": 9, "num_statements": 10, "percent_covered": 90.0, "percent_covered_display": "90", "missing_lines": 1, "excluded_lines": 0}, "missing_lines": [6], "excluded_lines": []}}}, "src/data/__init__.py": {"executed_lines": [1, 3], "summary": {"covered_lines": 2, "num_statements": 2, "percent_covered": 100.0, "percent_covered_display": "100", "missing_lines": 0, "excluded_lines": 0}, "missing_lines": [], "excluded_lines": [], "functions": {"": {"executed_lines": [1, 3], "summary": {"covered_lines": 2, "num_statements": 2, "percent_covered": 100.0, "percent_covered_display": "100", "missing_lines": 0, "excluded_lines": 0}, "missing_lines": [], "excluded_lines": []}}, "classes": {"": {"executed_lines": [1, 3], "summary": {"covered_lines": 2, "num_statements": 2, "percent_covered": 100.0, "percent_covered_display": "100", "missing_lines": 0, "excluded_lines": 0}, "missing_lines": [], "excluded_lines": []}}}, "src/data/data_loader.py": {"executed_lines": [2, 5, 6, 9, 10, 11, 12, 15, 16, 20, 24, 38, 41, 44, 49, 51, 53, 64, 67, 70, 73, 74, 75, 78, 79, 80, 81, 82, 83, 84, 86, 97, 100, 101, 105, 112, 114, 128, 131, 134, 142, 144, 146, 156, 159, 160, 162, 171, 174, 175, 177, 179, 189], "summary": {"covered_lines": 52, "num_statements": 56, "percent_covered": 92.85714285714286, "percent_covered_display": "93", "missing_lines": 4, "excluded_lines": 0}, "missing_lines": [45, 46, 187, 190], "excluded_lines": [], "functions": {"load_texts_from_folder": {"executed_lines": [38, 41, 44, 49, 51], "summary": {"covered_lines": 5, "num_statements": 7, "percent_covered": 71.42857142857143, "percent_covered_display": "71", "missing_lines": 2, "excluded_lines": 0}, "missing_lines": [45, 46], "excluded_lines": []}, "save_dataset_as_txt": {"executed_lines": [64, 67, 70, 73, 74, 75, 78, 79, 80, 81, 82, 83, 84], "summary": {"covered_lines": 13, "num_statements": 13, "percent_covered": 100.0, "percent_covered_display": "100", "missing_lines": 0, "excluded_lines": 0}, "missing_lines": [], "excluded_lines": []}, "save_encoded_dataset_as_sparse_matrix": {"executed_lines": [97, 100, 101, 105, 112], "summary": {"covered_lines": 5, "num_statements": 5, "percent_covered": 100.0, "percent_covered_display": "100", "missing_lines": 0, "excluded_lines": 0}, "missing_lines": [], "excluded_lines": []}, "load_encoded_dataset_joblib": {"executed_lines": [128, 131, 134, 142, 144], "summary": {"covered_lines": 5, "num_statements": 5, "percent_covered": 100.0, "percent_covered_display": "100", "missing_lines": 0, "excluded_lines": 0}, "missing_lines": [], "excluded_lines": []}, "save_svm_model": {"executed_lines": [156, 159, 160], "summary": {"covered_lines": 3, "num_statements": 3, "percent_covered": 100.0, "percent_covered_display": "100", "missing_lines": 0, "excluded_lines": 0}, "missing_lines": [], "excluded_lines": []}, "load_svm_model": {"executed_lines": [171, 174, 175, 177], "summary": {"covered_lines": 4, "num_statements": 4, "percent_covered": 100.0, "percent_covered_display": "100", "missing_lines": 0, "excluded_lines": 0}, "missing_lines": [], "excluded_lines": []}, "sanitize": {"executed_lines": [], "summary": {"covered_lines": 0, "num_statements": 1, "percent_covered": 0.0, "percent_covered_display": "0", "missing_lines": 1, "excluded_lines": 0}, "missing_lines": [187], "excluded_lines": []}, "param_dict_to_filename": {"executed_lines": [], "summary": {"covered_lines": 0, "num_statements": 1, "percent_covered": 0.0, "percent_covered_display": "0", "missing_lines": 1, "excluded_lines": 0}, "missing_lines": [190], "excluded_lines": []}, "": {"executed_lines": [2, 5, 6, 9, 10, 11, 12, 15, 16, 20, 24, 53, 86, 114, 146, 162, 179, 189], "summary": {"covered_lines": 17, "num_statements": 17, "percent_covered": 100.0, "percent_covered_display": "100", "missing_lines": 0, "excluded_lines": 0}, "missing_lines": [], "excluded_lines": []}}, "classes": {"": {"executed_lines": [2, 5, 6, 9, 10, 11, 12, 15, 16, 20, 24, 38, 41, 44, 49, 51, 53, 64, 67, 70, 73, 74, 75, 78, 79, 80, 81, 82, 83, 84, 86, 97, 100, 101, 105, 112, 114, 128, 131, 134, 142, 144, 146, 156, 159, 160, 162, 171, 174, 175, 177, 179, 189], "summary": {"covered_lines": 52, "num_statements": 56, "percent_covered": 92.85714285714286, "percent_covered_display": "93", "missing_lines": 4, "excluded_lines": 0}, "missing_lines": [45, 46, 187, 190], "excluded_lines": []}}}, "src/data/download_data.py": {"executed_lines": [1, 4, 5, 6, 9, 12, 13, 14, 17, 18, 21, 24], "summary": {"covered_lines": 11, "num_statements": 41, "percent_covered": 26.829268292682926, "percent_covered_display": "27", "missing_lines": 30, "excluded_lines": 0}, "missing_lines": [34, 36, 37, 38, 39, 40, 41, 45, 46, 47, 49, 50, 53, 56, 57, 58, 59, 62, 63, 64, 65, 66, 67, 68, 69, 72, 73, 74, 77, 78], "excluded_lines": [], "functions": {"download_imdb_dataset": {"executed_lines": [], "summary": {"covered_lines": 0, "num_statements": 23, "percent_covered": 0.0, "percent_covered_display": "0", "missing_lines": 23, "excluded_lines": 0}, "missing_lines": [34, 36, 37, 38, 39, 40, 41, 45, 46, 47, 49, 50, 53, 56, 57, 58, 59, 62, 72, 73, 74, 77, 78], "excluded_lines": []}, "download_imdb_dataset.save_split": {"executed_lines": [], "summary": {"covered_lines": 0, "num_statements": 7, "percent_covered": 0.0, "percent_covered_display": "0", "missing_lines": 7, "excluded_lines": 0}, "missing_lines": [63, 64, 65, 66, 67, 68, 69], "excluded_lines": []}, "": {"executed_lines": [1, 4, 5, 6, 9, 12, 13, 14, 17, 18, 21, 24], "summary": {"covered_lines": 11, "num_statements": 11, "percent_covered": 100.0, "percent_covered_display": "100", "missing_lines": 0, "excluded_lines": 0}, "missing_lines": [], "excluded_lines": []}}, "classes": {"": {"executed_lines": [1, 4, 5, 6, 9, 12, 13, 14, 17, 18, 21, 24], "summary": {"covered_lines": 11, "num_statements": 41, "percent_covered": 26.829268292682926, "percent_covered_display": "27", "missing_lines": 30, "excluded_lines": 0}, "missing_lines": [34, 36, 37, 38, 39, 40, 41, 45, 46, 47, 49, 50, 53, 56, 57, 58, 59, 62, 63, 64, 65, 66, 67, 68, 69, 72, 73, 74, 77, 78], "excluded_lines": []}}}, "src/data/tfidf_dataset.py": {"executed_lines": [1, 8, 11, 12, 13, 15, 16, 17, 31, 32, 33, 34, 35, 36], "summary": {"covered_lines": 12, "num_statements": 12, "percent_covered": 100.0, "percent_covered_display": "100", "missing_lines": 0, "excluded_lines": 0}, "missing_lines": [], "excluded_lines": [], "functions": {"": {"executed_lines": [1, 8, 11, 12, 13, 15, 16, 17, 31, 32, 33, 34, 35, 36], "summary": {"covered_lines": 12, "num_statements": 12, "percent_covered": 100.0, "percent_covered_display": "100", "missing_lines": 0, "excluded_lines": 0}, "missing_lines": [], "excluded_lines": []}}, "classes": {"TfidfDataset": {"executed_lines": [], "summary": {"covered_lines": 0, "num_statements": 0, "percent_covered": 100.0, "percent_covered_display": "100", "missing_lines": 0, "excluded_lines": 0}, "missing_lines": [], "excluded_lines": []}, "": {"executed_lines": [1, 8, 11, 12, 13, 15, 16, 17, 31, 32, 33, 34, 35, 36], "summary": {"covered_lines": 12, "num_statements": 12, "percent_covered": 100.0, "percent_covered_display": "100", "missing_lines": 0, "excluded_lines": 0}, "missing_lines": [], "excluded_lines": []}}}, "src/preprocessing/__init__.py": {"executed_lines": [1, 2], "summary": {"covered_lines": 2, "num_statements": 2, "percent_covered": 100.0, "percent_covered_display": "100", "missing_lines": 0, "excluded_lines": 0}, "missing_lines": [], "excluded_lines": [], "functions": {"": {"executed_lines": [1, 2], "summary": {"covered_lines": 2, "num_statements": 2, "percent_covered": 100.0, "percent_covered_display": "100", "missing_lines": 0, "excluded_lines": 0}, "missing_lines": [], "excluded_lines": []}}, "classes": {"": {"executed_lines": [1, 2], "summary": {"covered_lines": 2, "num_statements": 2, "percent_covered": 100.0, "percent_covered_display": "100", "missing_lines": 0, "excluded_lines": 0}, "missing_lines": [], "excluded_lines": []}}}, "src/preprocessing/clean_text.py": {"executed_lines": [1, 11, 12, 15, 18, 22, 32, 34, 36, 37, 39, 49, 51, 53, 54, 56, 65, 67, 69, 70, 72, 82, 84, 86, 87, 89, 99, 101, 103, 104, 106, 116, 118, 120, 121, 123, 133, 135, 137, 138, 140, 150, 152, 153, 155, 156, 158, 168, 170, 172, 173, 179, 190, 194, 197, 200, 203, 206, 207, 208, 211, 212, 215, 217, 218], "summary": {"covered_lines": 64, "num_statements": 64, "percent_covered": 100.0, "percent_covered_display": "100", "missing_lines": 0, "excluded_lines": 0}, "missing_lines": [], "excluded_lines": [], "functions": {"lower_case": {"executed_lines": [32, 34, 36, 37], "summary": {"covered_lines": 4, "num_statements": 4, "percent_covered": 100.0, "percent_covered_display": "100", "missing_lines": 0, "excluded_lines": 0}, "missing_lines": [], "excluded_lines": []}, "strip_whitespace": {"executed_lines": [49, 51, 53, 54], "summary": {"covered_lines": 4, "num_statements": 4, "percent_covered": 100.0, "percent_covered_display": "100", "missing_lines": 0, "excluded_lines": 0}, "missing_lines": [], "excluded_lines": []}, "remove_non_alphanumeric_some": {"executed_lines": [65, 67, 69, 70], "summary": {"covered_lines": 4, "num_statements": 4, "percent_covered": 100.0, "percent_covered_display": "100", "missing_lines": 0, "excluded_lines": 0}, "missing_lines": [], "excluded_lines": []}, "replace_wrong_quotation_marks": {"executed_lines": [82, 84, 86, 87], "summary": {"covered_lines": 4, "num_statements": 4, "percent_covered": 100.0, "percent_covered_display": "100", "missing_lines": 0, "excluded_lines": 0}, "missing_lines": [], "excluded_lines": []}, "remove_non_alphanumeric_all": {"executed_lines": [99, 101, 103, 104], "summary": {"covered_lines": 4, "num_statements": 4, "percent_covered": 100.0, "percent_covered_display": "100", "missing_lines": 0, "excluded_lines": 0}, "missing_lines": [], "excluded_lines": []}, "remove_multiple_punctuation": {"executed_lines": [116, 118, 120, 121], "summary": {"covered_lines": 4, "num_statements": 4, "percent_covered": 100.0, "percent_covered_display": "100", "missing_lines": 0, "excluded_lines": 0}, "missing_lines": [], "excluded_lines": []}, "remove_numeric_and_punctuation": {"executed_lines": [133, 135, 137, 138], "summary": {"covered_lines": 4, "num_statements": 4, "percent_covered": 100.0, "percent_covered_display": "100", "missing_lines": 0, "excluded_lines": 0}, "missing_lines": [], "excluded_lines": []}, "remove_urls": {"executed_lines": [150, 152, 153, 155, 156], "summary": {"covered_lines": 5, "num_statements": 5, "percent_covered": 100.0, "percent_covered_display": "100", "missing_lines": 0, "excluded_lines": 0}, "missing_lines": [], "excluded_lines": []}, "remove_html_tags": {"executed_lines": [168, 170, 172, 173], "summary": {"covered_lines": 4, "num_statements": 4, "percent_covered": 100.0, "percent_covered_display": "100", "missing_lines": 0, "excluded_lines": 0}, "missing_lines": [], "excluded_lines": []}, "regex_cleaning_pipeline": {"executed_lines": [190, 194, 197, 200, 203, 206, 207, 208, 211, 212, 215, 217, 218], "summary": {"covered_lines": 13, "num_statements": 13, "percent_covered": 100.0, "percent_covered_display": "100", "missing_lines": 0, "excluded_lines": 0}, "missing_lines": [], "excluded_lines": []}, "": {"executed_lines": [1, 11, 12, 15, 18, 22, 39, 56, 72, 89, 106, 123, 140, 158, 179], "summary": {"covered_lines": 14, "num_statements": 14, "percent_covered": 100.0, "percent_covered_display": "100", "missing_lines": 0, "excluded_lines": 0}, "missing_lines": [], "excluded_lines": []}}, "classes": {"": {"executed_lines": [1, 11, 12, 15, 18, 22, 32, 34, 36, 37, 39, 49, 51, 53, 54, 56, 65, 67, 69, 70, 72, 82, 84, 86, 87, 89, 99, 101, 103, 104, 106, 116, 118, 120, 121, 123, 133, 135, 137, 138, 140, 150, 152, 153, 155, 156, 158, 168, 170, 172, 173, 179, 190, 194, 197, 200, 203, 206, 207, 208, 211, 212, 215, 217, 218], "summary": {"covered_lines": 64, "num_statements": 64, "percent_covered": 100.0, "percent_covered_display": "100", "missing_lines": 0, "excluded_lines": 0}, "missing_lines": [], "excluded_lines": []}}}, "src/preprocessing/filters.py": {"executed_lines": [1, 4, 7, 10, 12, 22, 25, 75, 76, 78, 79, 81, 91, 94, 189, 190, 192, 193, 196, 206, 209, 212, 214, 215], "summary": {"covered_lines": 23, "num_statements": 23, "percent_covered": 100.0, "percent_covered_display": "100", "missing_lines": 0, "excluded_lines": 0}, "missing_lines": [], "excluded_lines": [], "functions": {"expand_contractions": {"executed_lines": [22, 25, 75, 76, 78, 79], "summary": {"covered_lines": 6, "num_statements": 6, "percent_covered": 100.0, "percent_covered_display": "100", "missing_lines": 0, "excluded_lines": 0}, "missing_lines": [], "excluded_lines": []}, "slang_handling": {"executed_lines": [91, 94, 189, 190, 192, 193], "summary": {"covered_lines": 6, "num_statements": 6, "percent_covered": 100.0, "percent_covered_display": "100", "missing_lines": 0, "excluded_lines": 0}, "missing_lines": [], "excluded_lines": []}, "filtering_pipeline": {"executed_lines": [206, 209, 212, 214, 215], "summary": {"covered_lines": 5, "num_statements": 5, "percent_covered": 100.0, "percent_covered_display": "100", "missing_lines": 0, "excluded_lines": 0}, "missing_lines": [], "excluded_lines": []}, "": {"executed_lines": [1, 4, 7, 10, 12, 81, 196], "summary": {"covered_lines": 6, "num_statements": 6, "percent_covered": 100.0, "percent_covered_display": "100", "missing_lines": 0, "excluded_lines": 0}, "missing_lines": [], "excluded_lines": []}}, "classes": {"": {"executed_lines": [1, 4, 7, 10, 12, 22, 25, 75, 76, 78, 79, 81, 91, 94, 189, 190, 192, 193, 196, 206, 209, 212, 214, 215], "summary": {"covered_lines": 23, "num_statements": 23, "percent_covered": 100.0, "percent_covered_display": "100", "missing_lines": 0, "excluded_lines": 0}, "missing_lines": [], "excluded_lines": []}}}, "src/preprocessing/lemmatization.py": {"executed_lines": [1, 4, 7, 10, 16, 17, 23, 25, 35, 38, 39, 41, 42], "summary": {"covered_lines": 12, "num_statements": 14, "percent_covered": 85.71428571428571, "percent_covered_display": "86", "missing_lines": 2, "excluded_lines": 0}, "missing_lines": [19, 20], "excluded_lines": [], "functions": {"lemmatize_text": {"executed_lines": [35, 38, 39, 41, 42], "summary": {"covered_lines": 5, "num_statements": 5, "percent_covered": 100.0, "percent_covered_display": "100", "missing_lines": 0, "excluded_lines": 0}, "missing_lines": [], "excluded_lines": []}, "": {"executed_lines": [1, 4, 7, 10, 16, 17, 23, 25], "summary": {"covered_lines": 7, "num_statements": 9, "percent_covered": 77.77777777777777, "percent_covered_display": "78", "missing_lines": 2, "excluded_lines": 0}, "missing_lines": [19, 20], "excluded_lines": []}}, "classes": {"": {"executed_lines": [1, 4, 7, 10, 16, 17, 23, 25, 35, 38, 39, 41, 42], "summary": {"covered_lines": 12, "num_statements": 14, "percent_covered": 85.71428571428571, "percent_covered_display": "86", "missing_lines": 2, "excluded_lines": 0}, "missing_lines": [19, 20], "excluded_lines": []}}}, "src/preprocessing/preprocessing_pipeline.py": {"executed_lines": [1, 7, 8, 11, 12, 13, 14, 18, 25, 34, 36, 38, 41, 44, 46, 49, 59, 60, 62, 63], "summary": {"covered_lines": 19, "num_statements": 22, "percent_covered": 86.36363636363636, "percent_covered_display": "86", "missing_lines": 3, "excluded_lines": 0}, "missing_lines": [50, 52, 54], "excluded_lines": [], "functions": {"preprocessing_pipeline": {"executed_lines": [34, 36, 49, 59, 60, 62, 63], "summary": {"covered_lines": 7, "num_statements": 10, "percent_covered": 70.0, "percent_covered_display": "70", "missing_lines": 3, "excluded_lines": 0}, "missing_lines": [50, 52, 54], "excluded_lines": []}, "preprocessing_pipeline._pipeline": {"executed_lines": [38, 41, 44, 46], "summary": {"covered_lines": 4, "num_statements": 4, "percent_covered": 100.0, "percent_covered_display": "100", "missing_lines": 0, "excluded_lines": 0}, "missing_lines": [], "excluded_lines": []}, "": {"executed_lines": [1, 7, 8, 11, 12, 13, 14, 18, 25], "summary": {"covered_lines": 8, "num_statements": 8, "percent_covered": 100.0, "percent_covered_display": "100", "missing_lines": 0, "excluded_lines": 0}, "missing_lines": [], "excluded_lines": []}}, "classes": {"": {"executed_lines": [1, 7, 8, 11, 12, 13, 14, 18, 25, 34, 36, 38, 41, 44, 46, 49, 59, 60, 62, 63], "summary": {"covered_lines": 19, "num_statements": 22, "percent_covered": 86.36363636363636, "percent_covered_display": "86", "missing_lines": 3, "excluded_lines": 0}, "missing_lines": [50, 52, 54], "excluded_lines": []}}}, "src/svm/__init__.py": {"executed_lines": [1, 2], "summary": {"covered_lines": 2, "num_statements": 2, "percent_covered": 100.0, "percent_covered_display": "100", "missing_lines": 0, "excluded_lines": 0}, "missing_lines": [], "excluded_lines": [], "functions": {"": {"executed_lines": [1, 2], "summary": {"covered_lines": 2, "num_statements": 2, "percent_covered": 100.0, "percent_covered_display": "100", "missing_lines": 0, "excluded_lines": 0}, "missing_lines": [], "excluded_lines": []}}, "classes": {"": {"executed_lines": [1, 2], "summary": {"covered_lines": 2, "num_statements": 2, "percent_covered": 100.0, "percent_covered_display": "100", "missing_lines": 0, "excluded_lines": 0}, "missing_lines": [], "excluded_lines": []}}}, "src/svm/encoder.py": {"executed_lines": [1, 4, 7, 8, 12, 17], "summary": {"covered_lines": 5, "num_statements": 19, "percent_covered": 26.31578947368421, "percent_covered_display": "26", "missing_lines": 14, "excluded_lines": 0}, "missing_lines": [39, 42, 51, 54, 55, 56, 57, 59, 60, 61, 62, 65, 73, 75], "excluded_lines": [], "functions": {"tfidf_vectorizer": {"executed_lines": [], "summary": {"covered_lines": 0, "num_statements": 14, "percent_covered": 0.0, "percent_covered_display": "0", "missing_lines": 14, "excluded_lines": 0}, "missing_lines": [39, 42, 51, 54, 55, 56, 57, 59, 60, 61, 62, 65, 73, 75], "excluded_lines": []}, "": {"executed_lines": [1, 4, 7, 8, 12, 17], "summary": {"covered_lines": 5, "num_statements": 5, "percent_covered": 100.0, "percent_covered_display": "100", "missing_lines": 0, "excluded_lines": 0}, "missing_lines": [], "excluded_lines": []}}, "classes": {"": {"executed_lines": [1, 4, 7, 8, 12, 17], "summary": {"covered_lines": 5, "num_statements": 19, "percent_covered": 26.31578947368421, "percent_covered_display": "26", "missing_lines": 14, "excluded_lines": 0}, "missing_lines": [39, 42, 51, 54, 55, 56, 57, 59, 60, 61, 62, 65, 73, 75], "excluded_lines": []}}}, "src/svm/encoding_pipeline.py": {"executed_lines": [1, 4, 5, 8, 9, 13, 18], "summary": {"covered_lines": 6, "num_statements": 11, "percent_covered": 54.54545454545455, "percent_covered_display": "55", "missing_lines": 5, "excluded_lines": 0}, "missing_lines": [28, 31, 32, 33, 35], "excluded_lines": [], "functions": {"encoding_pipeline": {"executed_lines": [], "summary": {"covered_lines": 0, "num_statements": 5, "percent_covered": 0.0, "percent_covered_display": "0", "missing_lines": 5, "excluded_lines": 0}, "missing_lines": [28, 31, 32, 33, 35], "excluded_lines": []}, "": {"executed_lines": [1, 4, 5, 8, 9, 13, 18], "summary": {"covered_lines": 6, "num_statements": 6, "percent_covered": 100.0, "percent_covered_display": "100", "missing_lines": 0, "excluded_lines": 0}, "missing_lines": [], "excluded_lines": []}}, "classes": {"": {"executed_lines": [1, 4, 5, 8, 9, 13, 18], "summary": {"covered_lines": 6, "num_statements": 11, "percent_covered": 54.54545454545455, "percent_covered_display": "55", "missing_lines": 5, "excluded_lines": 0}, "missing_lines": [28, 31, 32, 33, 35], "excluded_lines": []}}}, "src/svm/training.py": {"executed_lines": [1, 8, 9, 10, 11, 14, 15, 19, 20, 21, 25, 26, 27, 28, 31, 34, 35, 40], "summary": {"covered_lines": 17, "num_statements": 34, "percent_covered": 50.0, "percent_covered_display": "50", "missing_lines": 17, "excluded_lines": 0}, "missing_lines": [16, 52, 55, 56, 59, 62, 67, 70, 71, 72, 73, 76, 79, 82, 83, 84, 86], "excluded_lines": [], "functions": {"train_svm_model": {"executed_lines": [], "summary": {"covered_lines": 0, "num_statements": 16, "percent_covered": 0.0, "percent_covered_display": "0", "missing_lines": 16, "excluded_lines": 0}, "missing_lines": [52, 55, 56, 59, 62, 67, 70, 71, 72, 73, 76, 79, 82, 83, 84, 86], "excluded_lines": []}, "": {"executed_lines": [1, 8, 9, 10, 11, 14, 15, 19, 20, 21, 25, 26, 27, 28, 31, 34, 35, 40], "summary": {"covered_lines": 17, "num_statements": 18, "percent_covered": 94.44444444444444, "percent_covered_display": "94", "missing_lines": 1, "excluded_lines": 0}, "missing_lines": [16], "excluded_lines": []}}, "classes": {"": {"executed_lines": [1, 8, 9, 10, 11, 14, 15, 19, 20, 21, 25, 26, 27, 28, 31, 34, 35, 40], "summary": {"covered_lines": 17, "num_statements": 34, "percent_covered": 50.0, "percent_covered_display": "50", "missing_lines": 17, "excluded_lines": 0}, "missing_lines": [16, 52, 55, 56, 59, 62, 67, 70, 71, 72, 73, 76, 79, 82, 83, 84, 86], "excluded_lines": []}}}, "src/web_scraping/__init__.py": {"executed_lines": [], "summary": {"covered_lines": 0, "num_statements": 0, "percent_covered": 100.0, "percent_covered_display": "100", "missing_lines": 0, "excluded_lines": 0}, "missing_lines": [], "excluded_lines": [], "functions": {"": {"executed_lines": [], "summary": {"covered_lines": 0, "num_statements": 0, "percent_covered": 100.0, "percent_covered_display": "100", "missing_lines": 0, "excluded_lines": 0}, "missing_lines": [], "excluded_lines": []}}, "classes": {"": {"executed_lines": [], "summary": {"covered_lines": 0, "num_statements": 0, "percent_covered": 100.0, "percent_covered_display": "100", "missing_lines": 0, "excluded_lines": 0}, "missing_lines": [], "excluded_lines": []}}}, "src/web_scraping/web_scraping.py": {"executed_lines": [], "summary": {"covered_lines": 0, "num_statements": 0, "percent_covered": 100.0, "percent_covered_display": "100", "missing_lines": 0, "excluded_lines": 0}, "missing_lines": [], "excluded_lines": [], "functions": {"": {"executed_lines": [], "summary": {"covered_lines": 0, "num_statements": 0, "percent_covered": 100.0, "percent_covered_display": "100", "missing_lines": 0, "excluded_lines": 0}, "missing_lines": [], "excluded_lines": []}}, "classes": {"": {"executed_lines": [], "summary": {"covered_lines": 0, "num_statements": 0, "percent_covered": 100.0, "percent_covered_display": "100", "missing_lines": 0, "excluded_lines": 0}, "missing_lines": [], "excluded_lines": []}}}}, "totals": {"covered_lines": 300, "num_statements": 377, "percent_covered": 79.57559681697613, "percent_covered_display": "80", "missing_lines": 77, "excluded_lines": 0}}